Build started 2014/06/26 18:19:27.
     1>Project "C:\Users\tsp7004\Desktop\takahashi\Study\VC++\saiki\saiki.vcxproj" on node 2 (build target(s)).
     1>InitializeBuildStatus:
         Creating "Debug\saiki.unsuccessfulbuild" because "AlwaysCreate" was specified.
       ClCompile:
         C:\Program Files\Microsoft Visual Studio 10.0\VC\bin\CL.exe /c /ZI /nologo /W3 /WX- /Od /Oy- /D WIN32 /D _DEBUG /D _CONSOLE /D _UNICODE /D UNICODE /Gm /EHsc /RTC1 /MDd /GS /fp:precise /Zc:wchar_t /Zc:forScope /Fo"Debug\\" /Fd"Debug\vc100.pdb" /Gd /TC /analyze- /errorReport:prompt main.c
         main.c
     1>c:\users\tsp7004\desktop\takahashi\study\vc++\saiki\main.c(8): warning C4996: 'scanf': This function or variable may be unsafe. Consider using scanf_s instead. To disable deprecation, use _CRT_SECURE_NO_WARNINGS. See online help for details.
                 c:\program files\microsoft visual studio 10.0\vc\include\stdio.h(304) : see declaration of 'scanf'
       ManifestResourceCompile:
         C:\Program Files\Microsoft SDKs\Windows\v7.0A\bin\rc.exe /nologo /fo"Debug\saiki.exe.embed.manifest.res" Debug\saiki_manifest.rc 
       Link:
         C:\Program Files\Microsoft Visual Studio 10.0\VC\bin\link.exe /ERRORREPORT:PROMPT /OUT:"C:\Users\tsp7004\Desktop\takahashi\Study\VC++\saiki\Debug\saiki.exe" /INCREMENTAL /NOLOGO kernel32.lib user32.lib gdi32.lib winspool.lib comdlg32.lib advapi32.lib shell32.lib ole32.lib oleaut32.lib uuid.lib odbc32.lib odbccp32.lib /MANIFEST /ManifestFile:"Debug\saiki.exe.intermediate.manifest" /MANIFESTUAC:"level='asInvoker' uiAccess='false'" /DEBUG /PDB:"C:\Users\tsp7004\Desktop\takahashi\Study\VC++\saiki\Debug\saiki.pdb" /SUBSYSTEM:CONSOLE /TLBID:1 /DYNAMICBASE /NXCOMPAT /IMPLIB:"C:\Users\tsp7004\Desktop\takahashi\Study\VC++\saiki\Debug\saiki.lib" /MACHINE:X86 Debug\saiki.exe.embed.manifest.res
         Debug\main.obj
       Manifest:
         C:\Program Files\Microsoft SDKs\Windows\v7.0A\bin\mt.exe /nologo /verbose /out:"Debug\saiki.exe.embed.manifest" /manifest Debug\saiki.exe.intermediate.manifest
         C:\Program Files\Microsoft SDKs\Windows\v7.0A\bin\rc.exe /nologo /fo"Debug\saiki.exe.embed.manifest.res" Debug\saiki_manifest.rc 
       LinkEmbedManifest:
         C:\Program Files\Microsoft Visual Studio 10.0\VC\bin\link.exe /ERRORREPORT:PROMPT /OUT:"C:\Users\tsp7004\Desktop\takahashi\Study\VC++\saiki\Debug\saiki.exe" /INCREMENTAL /NOLOGO kernel32.lib user32.lib gdi32.lib winspool.lib comdlg32.lib advapi32.lib shell32.lib ole32.lib oleaut32.lib uuid.lib odbc32.lib odbccp32.lib /MANIFEST /ManifestFile:"Debug\saiki.exe.intermediate.manifest" /MANIFESTUAC:"level='asInvoker' uiAccess='false'" /DEBUG /PDB:"C:\Users\tsp7004\Desktop\takahashi\Study\VC++\saiki\Debug\saiki.pdb" /SUBSYSTEM:CONSOLE /TLBID:1 /DYNAMICBASE /NXCOMPAT /IMPLIB:"C:\Users\tsp7004\Desktop\takahashi\Study\VC++\saiki\Debug\saiki.lib" /MACHINE:X86 Debug\saiki.exe.embed.manifest.res
         Debug\main.obj
         saiki.vcxproj -> C:\Users\tsp7004\Desktop\takahashi\Study\VC++\saiki\Debug\saiki.exe
       FinalizeBuildStatus:
         Deleting file "Debug\saiki.unsuccessfulbuild".
         Touching "Debug\saiki.lastbuildstate".
     1>Done Building Project "C:\Users\tsp7004\Desktop\takahashi\Study\VC++\saiki\saiki.vcxproj" (build target(s)).

Build succeeded.

Time Elapsed 00:00:03.30
