C:\Users\tsp7004\Desktop\takahashi\Study\VC++\multiplication\Debug\cl.command.1.tlog
C:\Users\tsp7004\Desktop\takahashi\Study\VC++\multiplication\Debug\CL.read.1.tlog
C:\Users\tsp7004\Desktop\takahashi\Study\VC++\multiplication\Debug\CL.write.1.tlog
C:\Users\tsp7004\Desktop\takahashi\Study\VC++\multiplication\Debug\link.3192.read.1.tlog
C:\Users\tsp7004\Desktop\takahashi\Study\VC++\multiplication\Debug\link.3192.write.1.tlog
C:\Users\tsp7004\Desktop\takahashi\Study\VC++\multiplication\Debug\link.3192-cvtres.read.1.tlog
C:\Users\tsp7004\Desktop\takahashi\Study\VC++\multiplication\Debug\link.3192-cvtres.write.1.tlog
C:\Users\tsp7004\Desktop\takahashi\Study\VC++\multiplication\Debug\link.command.1.tlog
C:\Users\tsp7004\Desktop\takahashi\Study\VC++\multiplication\Debug\link.read.1.tlog
C:\Users\tsp7004\Desktop\takahashi\Study\VC++\multiplication\Debug\link.write.1.tlog
C:\Users\tsp7004\Desktop\takahashi\Study\VC++\multiplication\Debug\link-cvtres.read.1.tlog
C:\Users\tsp7004\Desktop\takahashi\Study\VC++\multiplication\Debug\link-cvtres.write.1.tlog
C:\USERS\TSP7004\DESKTOP\TAKAHASHI\STUDY\VC++\MULTIPLICATION\DEBUG\MAIN.OBJ
C:\Users\tsp7004\Desktop\takahashi\Study\VC++\multiplication\Debug\mt.command.1.tlog
C:\Users\tsp7004\Desktop\takahashi\Study\VC++\multiplication\Debug\mt.read.1.tlog
C:\Users\tsp7004\Desktop\takahashi\Study\VC++\multiplication\Debug\mt.write.1.tlog
C:\USERS\TSP7004\DESKTOP\TAKAHASHI\STUDY\VC++\MULTIPLICATION\DEBUG\MULTIPLICATION.EXE
C:\USERS\TSP7004\DESKTOP\TAKAHASHI\STUDY\VC++\MULTIPLICATION\DEBUG\MULTIPLICATION.EXE.EMBED.MANIFEST
C:\USERS\TSP7004\DESKTOP\TAKAHASHI\STUDY\VC++\MULTIPLICATION\DEBUG\MULTIPLICATION.EXE.EMBED.MANIFEST.RES
C:\USERS\TSP7004\DESKTOP\TAKAHASHI\STUDY\VC++\MULTIPLICATION\DEBUG\MULTIPLICATION.EXE.INTERMEDIATE.MANIFEST
C:\USERS\TSP7004\DESKTOP\TAKAHASHI\STUDY\VC++\MULTIPLICATION\DEBUG\MULTIPLICATION.ILK
C:\USERS\TSP7004\DESKTOP\TAKAHASHI\STUDY\VC++\MULTIPLICATION\DEBUG\MULTIPLICATION.PDB
C:\Users\tsp7004\Desktop\takahashi\Study\VC++\multiplication\Debug\multiplication.vcxprojResolveAssemblyReference.cache
C:\Users\tsp7004\Desktop\takahashi\Study\VC++\multiplication\Debug\multiplication.write.1.tlog
C:\Users\tsp7004\Desktop\takahashi\Study\VC++\multiplication\Debug\multiplication_manifest.rc
C:\Users\tsp7004\Desktop\takahashi\Study\VC++\multiplication\Debug\rc.command.1.tlog
C:\Users\tsp7004\Desktop\takahashi\Study\VC++\multiplication\Debug\rc.read.1.tlog
C:\Users\tsp7004\Desktop\takahashi\Study\VC++\multiplication\Debug\rc.write.1.tlog
C:\USERS\TSP7004\DESKTOP\TAKAHASHI\STUDY\VC++\MULTIPLICATION\DEBUG\SUB.OBJ
C:\Users\tsp7004\Desktop\takahashi\Study\VC++\multiplication\Debug\vc100.idb
C:\USERS\TSP7004\DESKTOP\TAKAHASHI\STUDY\VC++\MULTIPLICATION\DEBUG\VC100.PDB
